<?xml version="1.0" encoding="UTF-8"?>
<testsuite xmlns:xsi="http://www.w3.org/2001/XMLSchema-instance" xsi:noNamespaceSchemaLocation="https://maven.apache.org/surefire/maven-surefire-plugin/xsd/surefire-test-report.xsd" name="hello.GreetingRouterTest" time="2.691" tests="1" errors="0" skipped="0" failures="1">
  <properties>
[...]
</properties>
  <testcase name="testHello" classname="hello.GreetingRouterTest" time="0.269">
    <failure message="Response body expected:&lt;Hello, Spring!&gt; but was:&lt;Hello, Spring! &#10;This is Justin&apos;s first Spring server running&gt;&#10;&#10;&gt; GET http://localhost:64729/hello&#10;&gt; WebTestClient-Request-Id: [1]&#10;&gt; Accept: [text/plain]&#10;&#10;No content&#10;&#10;&lt; 200 OK&#10;&lt; Content-Type: [text/plain]&#10;&lt; Content-Length: [60]&#10;&#10;Hello, Spring! &#10;This is Justin&apos;s first Spring server running&#10;" type="java.lang.AssertionError"><![CDATA[java.lang.AssertionError: 
Response body expected:<Hello, Spring!> but was:<Hello, Spring! 
This is Justin's first Spring server running>

> GET http://localhost:64729/hello
> WebTestClient-Request-Id: [1]
> Accept: [text/plain]

No content

< 200 OK
< Content-Type: [text/plain]
< Content-Length: [60]

Hello, Spring! 
This is Justin's first Spring server running

	at hello.GreetingRouterTest.testHello(GreetingRouterTest.java:32)
Caused by: java.lang.AssertionError: 
Response body expected:<Hello, Spring!> but was:<Hello, Spring! 
This is Justin's first Spring server running>
	at hello.GreetingRouterTest.testHello(GreetingRouterTest.java:32)
]]></failure>
    <system-out><![CDATA[03:08:04.524 [main] DEBUG org.springframework.test.context.junit4.SpringJUnit4ClassRunner - SpringJUnit4ClassRunner constructor called with [class hello.GreetingRouterTest]
03:08:04.530 [main] DEBUG org.springframework.test.context.BootstrapUtils - Instantiating CacheAwareContextLoaderDelegate from class [org.springframework.test.context.cache.DefaultCacheAwareContextLoaderDelegate]
03:08:04.535 [main] DEBUG org.springframework.test.context.BootstrapUtils - Instantiating BootstrapContext using constructor [public org.springframework.test.context.support.DefaultBootstrapContext(java.lang.Class,org.springframework.test.context.CacheAwareContextLoaderDelegate)]
03:08:04.551 [main] DEBUG org.springframework.test.context.BootstrapUtils - Instantiating TestContextBootstrapper for test class [hello.GreetingRouterTest] from class [org.springframework.boot.test.context.SpringBootTestContextBootstrapper]
03:08:04.560 [main] INFO org.springframework.boot.test.context.SpringBootTestContextBootstrapper - Neither @ContextConfiguration nor @ContextHierarchy found for test class [hello.GreetingRouterTest], using SpringBootContextLoader
03:08:04.563 [main] DEBUG org.springframework.test.context.support.AbstractContextLoader - Did not detect default resource location for test class [hello.GreetingRouterTest]: class path resource [hello/GreetingRouterTest-context.xml] does not exist
03:08:04.563 [main] DEBUG org.springframework.test.context.support.AbstractContextLoader - Did not detect default resource location for test class [hello.GreetingRouterTest]: class path resource [hello/GreetingRouterTestContext.groovy] does not exist
03:08:04.564 [main] INFO org.springframework.test.context.support.AbstractContextLoader - Could not detect default resource locations for test class [hello.GreetingRouterTest]: no resource found for suffixes {-context.xml, Context.groovy}.
03:08:04.564 [main] INFO org.springframework.test.context.support.AnnotationConfigContextLoaderUtils - Could not detect default configuration classes for test class [hello.GreetingRouterTest]: GreetingRouterTest does not declare any static, non-private, non-final, nested classes annotated with @Configuration.
03:08:04.600 [main] DEBUG org.springframework.test.context.support.ActiveProfilesUtils - Could not find an 'annotation declaring class' for annotation type [org.springframework.test.context.ActiveProfiles] and class [hello.GreetingRouterTest]
03:08:04.607 [main] DEBUG org.springframework.core.env.StandardEnvironment - Adding PropertySource 'systemProperties' with lowest search precedence
03:08:04.607 [main] DEBUG org.springframework.core.env.StandardEnvironment - Adding PropertySource 'systemEnvironment' with lowest search precedence
03:08:04.608 [main] DEBUG org.springframework.core.env.StandardEnvironment - Initialized StandardEnvironment with PropertySources [MapPropertySource@1132307065 {name='systemProperties', properties={gopherProxySet=false, awt.toolkit=sun.lwawt.macosx.LWCToolkit, java.specification.version=9, file.encoding.pkg=sun.io, sun.cpu.isalist=, sun.jnu.encoding=UTF-8, java.class.path=/Users/JustinRWong/Desktop/PersonalWebsite-2/ReactiveRESTfulWeb/target/test-classes:/Users/JustinRWong/Desktop/PersonalWebsite-2/ReactiveRESTfulWeb/target/classes:/Users/JustinRWong/.m2/repository/org/springframework/boot/spring-boot-starter-webflux/2.0.5.RELEASE/spring-boot-starter-webflux-2.0.5.RELEASE.jar:/Users/JustinRWong/.m2/repository/org/springframework/boot/spring-boot-starter/2.0.5.RELEASE/spring-boot-starter-2.0.5.RELEASE.jar:/Users/JustinRWong/.m2/repository/org/springframework/boot/spring-boot/2.0.5.RELEASE/spring-boot-2.0.5.RELEASE.jar:/Users/JustinRWong/.m2/repository/org/springframework/spring-context/5.0.9.RELEASE/spring-context-5.0.9.RELEASE.jar:/Users/JustinRWong/.m2/repository/org/springframework/spring-aop/5.0.9.RELEASE/spring-aop-5.0.9.RELEASE.jar:/Users/JustinRWong/.m2/repository/org/springframework/spring-expression/5.0.9.RELEASE/spring-expression-5.0.9.RELEASE.jar:/Users/JustinRWong/.m2/repository/org/springframework/boot/spring-boot-autoconfigure/2.0.5.RELEASE/spring-boot-autoconfigure-2.0.5.RELEASE.jar:/Users/JustinRWong/.m2/repository/org/springframework/boot/spring-boot-starter-logging/2.0.5.RELEASE/spring-boot-starter-logging-2.0.5.RELEASE.jar:/Users/JustinRWong/.m2/repository/ch/qos/logback/logback-classic/1.2.3/logback-classic-1.2.3.jar:/Users/JustinRWong/.m2/repository/ch/qos/logback/logback-core/1.2.3/logback-core-1.2.3.jar:/Users/JustinRWong/.m2/repository/org/apache/logging/log4j/log4j-to-slf4j/2.10.0/log4j-to-slf4j-2.10.0.jar:/Users/JustinRWong/.m2/repository/org/apache/logging/log4j/log4j-api/2.10.0/log4j-api-2.10.0.jar:/Users/JustinRWong/.m2/repository/org/slf4j/jul-to-slf4j/1.7.25/jul-to-slf4j-1.7.25.jar:/Users/JustinRWong/.m2/repository/javax/annotation/javax.annotation-api/1.3.2/javax.annotation-api-1.3.2.jar:/Users/JustinRWong/.m2/repository/org/yaml/snakeyaml/1.19/snakeyaml-1.19.jar:/Users/JustinRWong/.m2/repository/org/springframework/boot/spring-boot-starter-json/2.0.5.RELEASE/spring-boot-starter-json-2.0.5.RELEASE.jar:/Users/JustinRWong/.m2/repository/com/fasterxml/jackson/core/jackson-databind/2.9.6/jackson-databind-2.9.6.jar:/Users/JustinRWong/.m2/repository/com/fasterxml/jackson/core/jackson-annotations/2.9.0/jackson-annotations-2.9.0.jar:/Users/JustinRWong/.m2/repository/com/fasterxml/jackson/core/jackson-core/2.9.6/jackson-core-2.9.6.jar:/Users/JustinRWong/.m2/repository/com/fasterxml/jackson/datatype/jackson-datatype-jdk8/2.9.6/jackson-datatype-jdk8-2.9.6.jar:/Users/JustinRWong/.m2/repository/com/fasterxml/jackson/datatype/jackson-datatype-jsr310/2.9.6/jackson-datatype-jsr310-2.9.6.jar:/Users/JustinRWong/.m2/repository/com/fasterxml/jackson/module/jackson-module-parameter-names/2.9.6/jackson-module-parameter-names-2.9.6.jar:/Users/JustinRWong/.m2/repository/org/springframework/boot/spring-boot-starter-reactor-netty/2.0.5.RELEASE/spring-boot-starter-reactor-netty-2.0.5.RELEASE.jar:/Users/JustinRWong/.m2/repository/io/projectreactor/ipc/reactor-netty/0.7.9.RELEASE/reactor-netty-0.7.9.RELEASE.jar:/Users/JustinRWong/.m2/repository/io/netty/netty-codec-http/4.1.29.Final/netty-codec-http-4.1.29.Final.jar:/Users/JustinRWong/.m2/repository/io/netty/netty-codec/4.1.29.Final/netty-codec-4.1.29.Final.jar:/Users/JustinRWong/.m2/repository/io/netty/netty-handler/4.1.29.Final/netty-handler-4.1.29.Final.jar:/Users/JustinRWong/.m2/repository/io/netty/netty-buffer/4.1.29.Final/netty-buffer-4.1.29.Final.jar:/Users/JustinRWong/.m2/repository/io/netty/netty-transport/4.1.29.Final/netty-transport-4.1.29.Final.jar:/Users/JustinRWong/.m2/repository/io/netty/netty-resolver/4.1.29.Final/netty-resolver-4.1.29.Final.jar:/Users/JustinRWong/.m2/repository/io/netty/netty-handler-proxy/4.1.29.Final/netty-handler-proxy-4.1.29.Final.jar:/Users/JustinRWong/.m2/repository/io/netty/netty-codec-socks/4.1.29.Final/netty-codec-socks-4.1.29.Final.jar:/Users/JustinRWong/.m2/repository/io/netty/netty-transport-native-epoll/4.1.29.Final/netty-transport-native-epoll-4.1.29.Final-linux-x86_64.jar:/Users/JustinRWong/.m2/repository/io/netty/netty-common/4.1.29.Final/netty-common-4.1.29.Final.jar:/Users/JustinRWong/.m2/repository/io/netty/netty-transport-native-unix-common/4.1.29.Final/netty-transport-native-unix-common-4.1.29.Final.jar:/Users/JustinRWong/.m2/repository/org/hibernate/validator/hibernate-validator/6.0.12.Final/hibernate-validator-6.0.12.Final.jar:/Users/JustinRWong/.m2/repository/javax/validation/validation-api/2.0.1.Final/validation-api-2.0.1.Final.jar:/Users/JustinRWong/.m2/repository/org/jboss/logging/jboss-logging/3.3.2.Final/jboss-logging-3.3.2.Final.jar:/Users/JustinRWong/.m2/repository/com/fasterxml/classmate/1.3.4/classmate-1.3.4.jar:/Users/JustinRWong/.m2/repository/org/springframework/spring-web/5.0.9.RELEASE/spring-web-5.0.9.RELEASE.jar:/Users/JustinRWong/.m2/repository/org/springframework/spring-beans/5.0.9.RELEASE/spring-beans-5.0.9.RELEASE.jar:/Users/JustinRWong/.m2/repository/org/springframework/spring-webflux/5.0.9.RELEASE/spring-webflux-5.0.9.RELEASE.jar:/Users/JustinRWong/.m2/repository/org/synchronoss/cloud/nio-multipart-parser/1.1.0/nio-multipart-parser-1.1.0.jar:/Users/JustinRWong/.m2/repository/org/slf4j/slf4j-api/1.7.25/slf4j-api-1.7.25.jar:/Users/JustinRWong/.m2/repository/org/synchronoss/cloud/nio-stream-storage/1.1.3/nio-stream-storage-1.1.3.jar:/Users/JustinRWong/.m2/repository/org/springframework/boot/spring-boot-starter-test/2.0.5.RELEASE/spring-boot-starter-test-2.0.5.RELEASE.jar:/Users/JustinRWong/.m2/repository/org/springframework/boot/spring-boot-test/2.0.5.RELEASE/spring-boot-test-2.0.5.RELEASE.jar:/Users/JustinRWong/.m2/repository/org/springframework/boot/spring-boot-test-autoconfigure/2.0.5.RELEASE/spring-boot-test-autoconfigure-2.0.5.RELEASE.jar:/Users/JustinRWong/.m2/repository/com/jayway/jsonpath/json-path/2.4.0/json-path-2.4.0.jar:/Users/JustinRWong/.m2/repository/net/minidev/json-smart/2.3/json-smart-2.3.jar:/Users/JustinRWong/.m2/repository/net/minidev/accessors-smart/1.2/accessors-smart-1.2.jar:/Users/JustinRWong/.m2/repository/org/ow2/asm/asm/5.0.4/asm-5.0.4.jar:/Users/JustinRWong/.m2/repository/junit/junit/4.12/junit-4.12.jar:/Users/JustinRWong/.m2/repository/org/assertj/assertj-core/3.9.1/assertj-core-3.9.1.jar:/Users/JustinRWong/.m2/repository/org/mockito/mockito-core/2.15.0/mockito-core-2.15.0.jar:/Users/JustinRWong/.m2/repository/net/bytebuddy/byte-buddy/1.7.11/byte-buddy-1.7.11.jar:/Users/JustinRWong/.m2/repository/net/bytebuddy/byte-buddy-agent/1.7.11/byte-buddy-agent-1.7.11.jar:/Users/JustinRWong/.m2/repository/org/objenesis/objenesis/2.6/objenesis-2.6.jar:/Users/JustinRWong/.m2/repository/org/hamcrest/hamcrest-core/1.3/hamcrest-core-1.3.jar:/Users/JustinRWong/.m2/repository/org/hamcrest/hamcrest-library/1.3/hamcrest-library-1.3.jar:/Users/JustinRWong/.m2/repository/org/skyscreamer/jsonassert/1.5.0/jsonassert-1.5.0.jar:/Users/JustinRWong/.m2/repository/com/vaadin/external/google/android-json/0.0.20131108.vaadin1/android-json-0.0.20131108.vaadin1.jar:/Users/JustinRWong/.m2/repository/org/springframework/spring-core/5.0.9.RELEASE/spring-core-5.0.9.RELEASE.jar:/Users/JustinRWong/.m2/repository/org/springframework/spring-jcl/5.0.9.RELEASE/spring-jcl-5.0.9.RELEASE.jar:/Users/JustinRWong/.m2/repository/org/springframework/spring-test/5.0.9.RELEASE/spring-test-5.0.9.RELEASE.jar:/Users/JustinRWong/.m2/repository/org/xmlunit/xmlunit-core/2.5.1/xmlunit-core-2.5.1.jar:/Users/JustinRWong/.m2/repository/io/projectreactor/reactor-test/3.1.9.RELEASE/reactor-test-3.1.9.RELEASE.jar:/Users/JustinRWong/.m2/repository/io/projectreactor/reactor-core/3.1.9.RELEASE/reactor-core-3.1.9.RELEASE.jar:/Users/JustinRWong/.m2/repository/org/reactivestreams/reactive-streams/1.0.2/reactive-streams-1.0.2.jar:, java.vm.vendor=Oracle Corporation, sun.arch.data.model=64, java.vendor.url=http://java.oracle.com/, user.timezone=America/Los_Angeles, os.name=Mac OS X, java.vm.specification.version=9, sun.java.launcher=SUN_STANDARD, user.country=HK, sun.boot.library.path=/Library/Java/JavaVirtualMachines/jdk-9.0.1.jdk/Contents/Home/lib, sun.java.command=/Users/JustinRWong/Desktop/PersonalWebsite-2/ReactiveRESTfulWeb/target/surefire/surefirebooter2620483203880746707.jar /Users/JustinRWong/Desktop/PersonalWebsite-2/ReactiveRESTfulWeb/target/surefire 2018-11-13T03-08-03_858-jvmRun1 surefire13409929469757529933tmp surefire_014099094121094954957tmp, http.nonProxyHosts=local|*.local|169.254/16|*.169.254/16, jdk.debug=release, surefire.test.class.path=/Users/JustinRWong/Desktop/PersonalWebsite-2/ReactiveRESTfulWeb/target/test-classes:/Users/JustinRWong/Desktop/PersonalWebsite-2/ReactiveRESTfulWeb/target/classes:/Users/JustinRWong/.m2/repository/org/springframework/boot/spring-boot-starter-webflux/2.0.5.RELEASE/spring-boot-starter-webflux-2.0.5.RELEASE.jar:/Users/JustinRWong/.m2/repository/org/springframework/boot/spring-boot-starter/2.0.5.RELEASE/spring-boot-starter-2.0.5.RELEASE.jar:/Users/JustinRWong/.m2/repository/org/springframework/boot/spring-boot/2.0.5.RELEASE/spring-boot-2.0.5.RELEASE.jar:/Users/JustinRWong/.m2/repository/org/springframework/spring-context/5.0.9.RELEASE/spring-context-5.0.9.RELEASE.jar:/Users/JustinRWong/.m2/repository/org/springframework/spring-aop/5.0.9.RELEASE/spring-aop-5.0.9.RELEASE.jar:/Users/JustinRWong/.m2/repository/org/springframework/spring-expression/5.0.9.RELEASE/spring-expression-5.0.9.RELEASE.jar:/Users/JustinRWong/.m2/repository/org/springframework/boot/spring-boot-autoconfigure/2.0.5.RELEASE/spring-boot-autoconfigure-2.0.5.RELEASE.jar:/Users/JustinRWong/.m2/repository/org/springframework/boot/spring-boot-starter-logging/2.0.5.RELEASE/spring-boot-starter-logging-2.0.5.RELEASE.jar:/Users/JustinRWong/.m2/repository/ch/qos/logback/logback-classic/1.2.3/logback-classic-1.2.3.jar:/Users/JustinRWong/.m2/repository/ch/qos/logback/logback-core/1.2.3/logback-core-1.2.3.jar:/Users/JustinRWong/.m2/repository/org/apache/logging/log4j/log4j-to-slf4j/2.10.0/log4j-to-slf4j-2.10.0.jar:/Users/JustinRWong/.m2/repository/org/apache/logging/log4j/log4j-api/2.10.0/log4j-api-2.10.0.jar:/Users/JustinRWong/.m2/repository/org/slf4j/jul-to-slf4j/1.7.25/jul-to-slf4j-1.7.25.jar:/Users/JustinRWong/.m2/repository/javax/annotation/javax.annotation-api/1.3.2/javax.annotation-api-1.3.2.jar:/Users/JustinRWong/.m2/repository/org/yaml/snakeyaml/1.19/snakeyaml-1.19.jar:/Users/JustinRWong/.m2/repository/org/springframework/boot/spring-boot-starter-json/2.0.5.RELEASE/spring-boot-starter-json-2.0.5.RELEASE.jar:/Users/JustinRWong/.m2/repository/com/fasterxml/jackson/core/jackson-databind/2.9.6/jackson-databind-2.9.6.jar:/Users/JustinRWong/.m2/repository/com/fasterxml/jackson/core/jackson-annotations/2.9.0/jackson-annotations-2.9.0.jar:/Users/JustinRWong/.m2/repository/com/fasterxml/jackson/core/jackson-core/2.9.6/jackson-core-2.9.6.jar:/Users/JustinRWong/.m2/repository/com/fasterxml/jackson/datatype/jackson-datatype-jdk8/2.9.6/jackson-datatype-jdk8-2.9.6.jar:/Users/JustinRWong/.m2/repository/com/fasterxml/jackson/datatype/jackson-datatype-jsr310/2.9.6/jackson-datatype-jsr310-2.9.6.jar:/Users/JustinRWong/.m2/repository/com/fasterxml/jackson/module/jackson-module-parameter-names/2.9.6/jackson-module-parameter-names-2.9.6.jar:/Users/JustinRWong/.m2/repository/org/springframework/boot/spring-boot-starter-reactor-netty/2.0.5.RELEASE/spring-boot-starter-reactor-netty-2.0.5.RELEASE.jar:/Users/JustinRWong/.m2/repository/io/projectreactor/ipc/reactor-netty/0.7.9.RELEASE/reactor-netty-0.7.9.RELEASE.jar:/Users/JustinRWong/.m2/repository/io/netty/netty-codec-http/4.1.29.Final/netty-codec-http-4.1.29.Final.jar:/Users/JustinRWong/.m2/repository/io/netty/netty-codec/4.1.29.Final/netty-codec-4.1.29.Final.jar:/Users/JustinRWong/.m2/repository/io/netty/netty-handler/4.1.29.Final/netty-handler-4.1.29.Final.jar:/Users/JustinRWong/.m2/repository/io/netty/netty-buffer/4.1.29.Final/netty-buffer-4.1.29.Final.jar:/Users/JustinRWong/.m2/repository/io/netty/netty-transport/4.1.29.Final/netty-transport-4.1.29.Final.jar:/Users/JustinRWong/.m2/repository/io/netty/netty-resolver/4.1.29.Final/netty-resolver-4.1.29.Final.jar:/Users/JustinRWong/.m2/repository/io/netty/netty-handler-proxy/4.1.29.Final/netty-handler-proxy-4.1.29.Final.jar:/Users/JustinRWong/.m2/repository/io/netty/netty-codec-socks/4.1.29.Final/netty-codec-socks-4.1.29.Final.jar:/Users/JustinRWong/.m2/repository/io/netty/netty-transport-native-epoll/4.1.29.Final/netty-transport-native-epoll-4.1.29.Final-linux-x86_64.jar:/Users/JustinRWong/.m2/repository/io/netty/netty-common/4.1.29.Final/netty-common-4.1.29.Final.jar:/Users/JustinRWong/.m2/repository/io/netty/netty-transport-native-unix-common/4.1.29.Final/netty-transport-native-unix-common-4.1.29.Final.jar:/Users/JustinRWong/.m2/repository/org/hibernate/validator/hibernate-validator/6.0.12.Final/hibernate-validator-6.0.12.Final.jar:/Users/JustinRWong/.m2/repository/javax/validation/validation-api/2.0.1.Final/validation-api-2.0.1.Final.jar:/Users/JustinRWong/.m2/repository/org/jboss/logging/jboss-logging/3.3.2.Final/jboss-logging-3.3.2.Final.jar:/Users/JustinRWong/.m2/repository/com/fasterxml/classmate/1.3.4/classmate-1.3.4.jar:/Users/JustinRWong/.m2/repository/org/springframework/spring-web/5.0.9.RELEASE/spring-web-5.0.9.RELEASE.jar:/Users/JustinRWong/.m2/repository/org/springframework/spring-beans/5.0.9.RELEASE/spring-beans-5.0.9.RELEASE.jar:/Users/JustinRWong/.m2/repository/org/springframework/spring-webflux/5.0.9.RELEASE/spring-webflux-5.0.9.RELEASE.jar:/Users/JustinRWong/.m2/repository/org/synchronoss/cloud/nio-multipart-parser/1.1.0/nio-multipart-parser-1.1.0.jar:/Users/JustinRWong/.m2/repository/org/slf4j/slf4j-api/1.7.25/slf4j-api-1.7.25.jar:/Users/JustinRWong/.m2/repository/org/synchronoss/cloud/nio-stream-storage/1.1.3/nio-stream-storage-1.1.3.jar:/Users/JustinRWong/.m2/repository/org/springframework/boot/spring-boot-starter-test/2.0.5.RELEASE/spring-boot-starter-test-2.0.5.RELEASE.jar:/Users/JustinRWong/.m2/repository/org/springframework/boot/spring-boot-test/2.0.5.RELEASE/spring-boot-test-2.0.5.RELEASE.jar:/Users/JustinRWong/.m2/repository/org/springframework/boot/spring-boot-test-autoconfigure/2.0.5.RELEASE/spring-boot-test-autoconfigure-2.0.5.RELEASE.jar:/Users/JustinRWong/.m2/repository/com/jayway/jsonpath/json-path/2.4.0/json-path-2.4.0.jar:/Users/JustinRWong/.m2/repository/net/minidev/json-smart/2.3/json-smart-2.3.jar:/Users/JustinRWong/.m2/repository/net/minidev/accessors-smart/1.2/accessors-smart-1.2.jar:/Users/JustinRWong/.m2/repository/org/ow2/asm/asm/5.0.4/asm-5.0.4.jar:/Users/JustinRWong/.m2/repository/junit/junit/4.12/junit-4.12.jar:/Users/JustinRWong/.m2/repository/org/assertj/assertj-core/3.9.1/assertj-core-3.9.1.jar:/Users/JustinRWong/.m2/repository/org/mockito/mockito-core/2.15.0/mockito-core-2.15.0.jar:/Users/JustinRWong/.m2/repository/net/bytebuddy/byte-buddy/1.7.11/byte-buddy-1.7.11.jar:/Users/JustinRWong/.m2/repository/net/bytebuddy/byte-buddy-agent/1.7.11/byte-buddy-agent-1.7.11.jar:/Users/JustinRWong/.m2/repository/org/objenesis/objenesis/2.6/objenesis-2.6.jar:/Users/JustinRWong/.m2/repository/org/hamcrest/hamcrest-core/1.3/hamcrest-core-1.3.jar:/Users/JustinRWong/.m2/repository/org/hamcrest/hamcrest-library/1.3/hamcrest-library-1.3.jar:/Users/JustinRWong/.m2/repository/org/skyscreamer/jsonassert/1.5.0/jsonassert-1.5.0.jar:/Users/JustinRWong/.m2/repository/com/vaadin/external/google/android-json/0.0.20131108.vaadin1/android-json-0.0.20131108.vaadin1.jar:/Users/JustinRWong/.m2/repository/org/springframework/spring-core/5.0.9.RELEASE/spring-core-5.0.9.RELEASE.jar:/Users/JustinRWong/.m2/repository/org/springframework/spring-jcl/5.0.9.RELEASE/spring-jcl-5.0.9.RELEASE.jar:/Users/JustinRWong/.m2/repository/org/springframework/spring-test/5.0.9.RELEASE/spring-test-5.0.9.RELEASE.jar:/Users/JustinRWong/.m2/repository/org/xmlunit/xmlunit-core/2.5.1/xmlunit-core-2.5.1.jar:/Users/JustinRWong/.m2/repository/io/projectreactor/reactor-test/3.1.9.RELEASE/reactor-test-3.1.9.RELEASE.jar:/Users/JustinRWong/.m2/repository/io/projectreactor/reactor-core/3.1.9.RELEASE/reactor-core-3.1.9.RELEASE.jar:/Users/JustinRWong/.m2/repository/org/reactivestreams/reactive-streams/1.0.2/reactive-streams-1.0.2.jar:, sun.cpu.endian=little, user.home=/Users/JustinRWong, user.language=en, java.specification.vendor=Oracle Corporation, java.home=/Library/Java/JavaVirtualMachines/jdk-9.0.1.jdk/Contents/Home, file.separator=/, basedir=/Users/JustinRWong/Desktop/PersonalWebsite-2/ReactiveRESTfulWeb, java.vm.compressedOopsMode=Zero based, line.separator=
, java.specification.name=Java Platform API Specification, java.vm.specification.vendor=Oracle Corporation, java.awt.graphicsenv=sun.awt.CGraphicsEnvironment, surefire.real.class.path=/Users/JustinRWong/Desktop/PersonalWebsite-2/ReactiveRESTfulWeb/target/surefire/surefirebooter2620483203880746707.jar, sun.management.compiler=HotSpot 64-Bit Tiered Compilers, ftp.nonProxyHosts=local|*.local|169.254/16|*.169.254/16, java.runtime.version=9.0.1+11, user.name=JustinRWong, path.separator=:, os.version=10.14, java.runtime.name=Java(TM) SE Runtime Environment, file.encoding=UTF-8, java.vm.name=Java HotSpot(TM) 64-Bit Server VM, localRepository=/Users/JustinRWong/.m2/repository, java.vendor.url.bug=http://bugreport.java.com/bugreport/, java.io.tmpdir=/var/folders/zk/hxqw53l55x77r1_4s8txf80m0000gp/T/, java.version=9.0.1, user.dir=/Users/JustinRWong/Desktop/PersonalWebsite-2/ReactiveRESTfulWeb, os.arch=x86_64, java.vm.specification.name=Java Virtual Machine Specification, java.awt.printerjob=sun.lwawt.macosx.CPrinterJob, sun.os.patch.level=unknown, java.library.path=/Users/JustinRWong/Library/Java/Extensions:/Library/Java/Extensions:/Network/Library/Java/Extensions:/System/Library/Java/Extensions:/usr/lib/java:., java.vm.info=mixed mode, java.vendor=Oracle Corporation, java.vm.version=9.0.1+11, sun.io.unicode.encoding=UnicodeBig, java.class.version=53.0, socksNonProxyHosts=local|*.local|169.254/16|*.169.254/16}}, SystemEnvironmentPropertySource@599984672 {name='systemEnvironment', properties={PATH=/Volumes/JustinWong/anaconda3/bin:/Users/JustinRWong/anaconda3/bin:/Library/Frameworks/Python.framework/Versions/3.6/bin:/usr/local/bin:/usr/bin:/bin:/usr/sbin:/sbin:/opt/X11/bin:/Library/Java/JavaVirtualMachines/jdk-9.0.1.jdk/Contents/Home:/Users/JustinRWong/Desktop/PersonalWebsite-2/BuildingWithMaven/apache-maven-3.6.0/bin, JAVA_HOME=/Library/Java/JavaVirtualMachines/jdk-9.0.1.jdk/Contents/Home, TERM=xterm-256color, DISPLAY=/private/tmp/com.apple.launchd.xtL6BPBPcB/org.macosforge.xquartz:0, LOGNAME=JustinRWong, XPC_SERVICE_NAME=0, PWD=/Users/JustinRWong/Desktop/PersonalWebsite-2/ReactiveRESTfulWeb, TERM_PROGRAM_VERSION=421, MAVEN_CMD_LINE_ARGS= clean package, _=/Library/Java/JavaVirtualMachines/jdk-9.0.1.jdk/Contents/Home/bin/java, SHELL=/bin/bash, JAVA_MAIN_CLASS_28250=org.apache.maven.surefire.booter.ForkedBooter, TERM_PROGRAM=Apple_Terminal, MAVEN_PROJECTBASEDIR=/Users/JustinRWong/desktop/personalwebsite-2/reactiverestfulweb, OLDPWD=/Users/JustinRWong/desktop/personalwebsite-2/reactiverestfulweb, USER=JustinRWong, TMPDIR=/var/folders/zk/hxqw53l55x77r1_4s8txf80m0000gp/T/, JAVA_MAIN_CLASS_28228=org.codehaus.plexus.classworlds.launcher.Launcher, SSH_AUTH_SOCK=/private/tmp/com.apple.launchd.YxZC9pc3PL/Listeners, XPC_FLAGS=0x0, TERM_SESSION_ID=952992D1-DF33-4C40-B8CC-596FCE6F6449, __CF_USER_TEXT_ENCODING=0x1F6:0x0:0x0, Apple_PubSub_Socket_Render=/private/tmp/com.apple.launchd.WudwKmnXNa/Render, LC_CTYPE=UTF-8, HOME=/Users/JustinRWong, SHLVL=2}}]
03:08:04.621 [main] DEBUG org.springframework.core.io.support.PathMatchingResourcePatternResolver - Resolved classpath location [hello/] to resources [URL [file:/Users/JustinRWong/Desktop/PersonalWebsite-2/ReactiveRESTfulWeb/target/test-classes/hello/], URL [file:/Users/JustinRWong/Desktop/PersonalWebsite-2/ReactiveRESTfulWeb/target/classes/hello/]]
03:08:04.622 [main] DEBUG org.springframework.core.io.support.PathMatchingResourcePatternResolver - Looking for matching resources in directory tree [/Users/JustinRWong/Desktop/PersonalWebsite-2/ReactiveRESTfulWeb/target/test-classes/hello]
03:08:04.622 [main] DEBUG org.springframework.core.io.support.PathMatchingResourcePatternResolver - Searching directory [/Users/JustinRWong/Desktop/PersonalWebsite-2/ReactiveRESTfulWeb/target/test-classes/hello] for files matching pattern [/Users/JustinRWong/Desktop/PersonalWebsite-2/ReactiveRESTfulWeb/target/test-classes/hello/*.class]
03:08:04.625 [main] DEBUG org.springframework.core.io.support.PathMatchingResourcePatternResolver - Looking for matching resources in directory tree [/Users/JustinRWong/Desktop/PersonalWebsite-2/ReactiveRESTfulWeb/target/classes/hello]
03:08:04.626 [main] DEBUG org.springframework.core.io.support.PathMatchingResourcePatternResolver - Searching directory [/Users/JustinRWong/Desktop/PersonalWebsite-2/ReactiveRESTfulWeb/target/classes/hello] for files matching pattern [/Users/JustinRWong/Desktop/PersonalWebsite-2/ReactiveRESTfulWeb/target/classes/hello/*.class]
03:08:04.627 [main] DEBUG org.springframework.core.io.support.PathMatchingResourcePatternResolver - Resolved location pattern [classpath*:hello/*.class] to resources [file [/Users/JustinRWong/Desktop/PersonalWebsite-2/ReactiveRESTfulWeb/target/test-classes/hello/GreetingRouterTest.class], file [/Users/JustinRWong/Desktop/PersonalWebsite-2/ReactiveRESTfulWeb/target/classes/hello/Application.class], file [/Users/JustinRWong/Desktop/PersonalWebsite-2/ReactiveRESTfulWeb/target/classes/hello/GreetingHandler.class], file [/Users/JustinRWong/Desktop/PersonalWebsite-2/ReactiveRESTfulWeb/target/classes/hello/GreetingRouter.class], file [/Users/JustinRWong/Desktop/PersonalWebsite-2/ReactiveRESTfulWeb/target/classes/hello/GreetingWebClient.class]]
03:08:04.687 [main] DEBUG org.springframework.context.annotation.ClassPathScanningCandidateComponentProvider - Identified candidate component class: file [/Users/JustinRWong/Desktop/PersonalWebsite-2/ReactiveRESTfulWeb/target/classes/hello/Application.class]
03:08:04.691 [main] INFO org.springframework.boot.test.context.SpringBootTestContextBootstrapper - Found @SpringBootConfiguration hello.Application for test class hello.GreetingRouterTest
03:08:04.790 [main] DEBUG org.springframework.boot.test.context.SpringBootTestContextBootstrapper - @TestExecutionListeners is not present for class [hello.GreetingRouterTest]: using defaults.
03:08:04.791 [main] INFO org.springframework.boot.test.context.SpringBootTestContextBootstrapper - Loaded default TestExecutionListener class names from location [META-INF/spring.factories]: [org.springframework.boot.test.mock.mockito.MockitoTestExecutionListener, org.springframework.boot.test.mock.mockito.ResetMocksTestExecutionListener, org.springframework.boot.test.autoconfigure.restdocs.RestDocsTestExecutionListener, org.springframework.boot.test.autoconfigure.web.client.MockRestServiceServerResetTestExecutionListener, org.springframework.boot.test.autoconfigure.web.servlet.MockMvcPrintOnlyOnFailureTestExecutionListener, org.springframework.boot.test.autoconfigure.web.servlet.WebDriverTestExecutionListener, org.springframework.test.context.web.ServletTestExecutionListener, org.springframework.test.context.support.DirtiesContextBeforeModesTestExecutionListener, org.springframework.test.context.support.DependencyInjectionTestExecutionListener, org.springframework.test.context.support.DirtiesContextTestExecutionListener, org.springframework.test.context.transaction.TransactionalTestExecutionListener, org.springframework.test.context.jdbc.SqlScriptsTestExecutionListener]
03:08:04.797 [main] DEBUG org.springframework.boot.test.context.SpringBootTestContextBootstrapper - Skipping candidate TestExecutionListener [org.springframework.test.context.web.ServletTestExecutionListener] due to a missing dependency. Specify custom listener classes or make the default listener classes and their required dependencies available. Offending class: [javax/servlet/ServletContext]
03:08:04.798 [main] DEBUG org.springframework.boot.test.context.SpringBootTestContextBootstrapper - Skipping candidate TestExecutionListener [org.springframework.test.context.transaction.TransactionalTestExecutionListener] due to a missing dependency. Specify custom listener classes or make the default listener classes and their required dependencies available. Offending class: [org/springframework/transaction/interceptor/TransactionAttributeSource]
03:08:04.798 [main] DEBUG org.springframework.boot.test.context.SpringBootTestContextBootstrapper - Skipping candidate TestExecutionListener [org.springframework.test.context.jdbc.SqlScriptsTestExecutionListener] due to a missing dependency. Specify custom listener classes or make the default listener classes and their required dependencies available. Offending class: [org/springframework/transaction/interceptor/TransactionAttribute]
03:08:04.799 [main] INFO org.springframework.boot.test.context.SpringBootTestContextBootstrapper - Using TestExecutionListeners: [org.springframework.test.context.support.DirtiesContextBeforeModesTestExecutionListener@36b4091c, org.springframework.boot.test.mock.mockito.MockitoTestExecutionListener@4671115f, org.springframework.boot.test.autoconfigure.SpringBootDependencyInjectionTestExecutionListener@36cda2c2, org.springframework.test.context.support.DirtiesContextTestExecutionListener@3697186, org.springframework.boot.test.mock.mockito.ResetMocksTestExecutionListener@1583741e, org.springframework.boot.test.autoconfigure.restdocs.RestDocsTestExecutionListener@5b367418, org.springframework.boot.test.autoconfigure.web.client.MockRestServiceServerResetTestExecutionListener@36060e, org.springframework.boot.test.autoconfigure.web.servlet.MockMvcPrintOnlyOnFailureTestExecutionListener@481ba2cf, org.springframework.boot.test.autoconfigure.web.servlet.WebDriverTestExecutionListener@46b61c56]
03:08:04.800 [main] DEBUG org.springframework.test.annotation.ProfileValueUtils - Retrieved @ProfileValueSourceConfiguration [null] for test class [hello.GreetingRouterTest]
03:08:04.801 [main] DEBUG org.springframework.test.annotation.ProfileValueUtils - Retrieved ProfileValueSource type [class org.springframework.test.annotation.SystemProfileValueSource] for class [hello.GreetingRouterTest]
03:08:04.802 [main] DEBUG org.springframework.test.annotation.ProfileValueUtils - Retrieved @ProfileValueSourceConfiguration [null] for test class [hello.GreetingRouterTest]
03:08:04.802 [main] DEBUG org.springframework.test.annotation.ProfileValueUtils - Retrieved ProfileValueSource type [class org.springframework.test.annotation.SystemProfileValueSource] for class [hello.GreetingRouterTest]
03:08:04.803 [main] DEBUG org.springframework.test.annotation.ProfileValueUtils - Retrieved @ProfileValueSourceConfiguration [null] for test class [hello.GreetingRouterTest]
03:08:04.803 [main] DEBUG org.springframework.test.annotation.ProfileValueUtils - Retrieved ProfileValueSource type [class org.springframework.test.annotation.SystemProfileValueSource] for class [hello.GreetingRouterTest]
03:08:04.807 [main] DEBUG org.springframework.test.context.support.AbstractDirtiesContextTestExecutionListener - Before test class: context [DefaultTestContext@5b6ec132 testClass = GreetingRouterTest, testInstance = [null], testMethod = [null], testException = [null], mergedContextConfiguration = [ReactiveWebMergedContextConfiguration@5c44c582 testClass = GreetingRouterTest, locations = '{}', classes = '{class hello.Application}', contextInitializerClasses = '[]', activeProfiles = '{}', propertySourceLocations = '{}', propertySourceProperties = '{org.springframework.boot.test.context.SpringBootTestContextBootstrapper=true, server.port=0}', contextCustomizers = set[org.springframework.boot.test.context.filter.ExcludeFilterContextCustomizer@69997e9d, org.springframework.boot.test.json.DuplicateJsonObjectContextCustomizerFactory$DuplicateJsonObjectContextCustomizer@37654521, org.springframework.boot.test.mock.mockito.MockitoContextCustomizer@0, org.springframework.boot.test.web.client.TestRestTemplateContextCustomizer@429bffaa, org.springframework.boot.test.web.reactive.server.WebTestClientContextCustomizer@fba92d3, org.springframework.boot.test.autoconfigure.properties.PropertyMappingContextCustomizer@0, org.springframework.boot.test.autoconfigure.web.servlet.WebDriverContextCustomizerFactory$Customizer@35aea049], contextLoader = 'org.springframework.boot.test.context.SpringBootContextLoader', parent = [null]], attributes = map['org.springframework.test.context.web.ServletTestExecutionListener.activateListener' -> false]], class annotated with @DirtiesContext [false] with mode [null].
03:08:04.808 [main] DEBUG org.springframework.test.annotation.ProfileValueUtils - Retrieved @ProfileValueSourceConfiguration [null] for test class [hello.GreetingRouterTest]
03:08:04.808 [main] DEBUG org.springframework.test.annotation.ProfileValueUtils - Retrieved ProfileValueSource type [class org.springframework.test.annotation.SystemProfileValueSource] for class [hello.GreetingRouterTest]
03:08:04.812 [main] DEBUG org.springframework.test.context.support.DependencyInjectionTestExecutionListener - Performing dependency injection for test context [[DefaultTestContext@5b6ec132 testClass = GreetingRouterTest, testInstance = hello.GreetingRouterTest@4716be8b, testMethod = [null], testException = [null], mergedContextConfiguration = [ReactiveWebMergedContextConfiguration@5c44c582 testClass = GreetingRouterTest, locations = '{}', classes = '{class hello.Application}', contextInitializerClasses = '[]', activeProfiles = '{}', propertySourceLocations = '{}', propertySourceProperties = '{org.springframework.boot.test.context.SpringBootTestContextBootstrapper=true, server.port=0}', contextCustomizers = set[org.springframework.boot.test.context.filter.ExcludeFilterContextCustomizer@69997e9d, org.springframework.boot.test.json.DuplicateJsonObjectContextCustomizerFactory$DuplicateJsonObjectContextCustomizer@37654521, org.springframework.boot.test.mock.mockito.MockitoContextCustomizer@0, org.springframework.boot.test.web.client.TestRestTemplateContextCustomizer@429bffaa, org.springframework.boot.test.web.reactive.server.WebTestClientContextCustomizer@fba92d3, org.springframework.boot.test.autoconfigure.properties.PropertyMappingContextCustomizer@0, org.springframework.boot.test.autoconfigure.web.servlet.WebDriverContextCustomizerFactory$Customizer@35aea049], contextLoader = 'org.springframework.boot.test.context.SpringBootContextLoader', parent = [null]], attributes = map['org.springframework.test.context.web.ServletTestExecutionListener.activateListener' -> false]]].
03:08:04.826 [main] DEBUG org.springframework.core.env.StandardEnvironment - Adding PropertySource 'systemProperties' with lowest search precedence
03:08:04.827 [main] DEBUG org.springframework.core.env.StandardEnvironment - Adding PropertySource 'systemEnvironment' with lowest search precedence
03:08:04.827 [main] DEBUG org.springframework.core.env.StandardEnvironment - Initialized StandardEnvironment with PropertySources [MapPropertySource@1688470144 {name='systemProperties', properties={gopherProxySet=false, awt.toolkit=sun.lwawt.macosx.LWCToolkit, java.specification.version=9, file.encoding.pkg=sun.io, sun.cpu.isalist=, sun.jnu.encoding=UTF-8, java.class.path=/Users/JustinRWong/Desktop/PersonalWebsite-2/ReactiveRESTfulWeb/target/test-classes:/Users/JustinRWong/Desktop/PersonalWebsite-2/ReactiveRESTfulWeb/target/classes:/Users/JustinRWong/.m2/repository/org/springframework/boot/spring-boot-starter-webflux/2.0.5.RELEASE/spring-boot-starter-webflux-2.0.5.RELEASE.jar:/Users/JustinRWong/.m2/repository/org/springframework/boot/spring-boot-starter/2.0.5.RELEASE/spring-boot-starter-2.0.5.RELEASE.jar:/Users/JustinRWong/.m2/repository/org/springframework/boot/spring-boot/2.0.5.RELEASE/spring-boot-2.0.5.RELEASE.jar:/Users/JustinRWong/.m2/repository/org/springframework/spring-context/5.0.9.RELEASE/spring-context-5.0.9.RELEASE.jar:/Users/JustinRWong/.m2/repository/org/springframework/spring-aop/5.0.9.RELEASE/spring-aop-5.0.9.RELEASE.jar:/Users/JustinRWong/.m2/repository/org/springframework/spring-expression/5.0.9.RELEASE/spring-expression-5.0.9.RELEASE.jar:/Users/JustinRWong/.m2/repository/org/springframework/boot/spring-boot-autoconfigure/2.0.5.RELEASE/spring-boot-autoconfigure-2.0.5.RELEASE.jar:/Users/JustinRWong/.m2/repository/org/springframework/boot/spring-boot-starter-logging/2.0.5.RELEASE/spring-boot-starter-logging-2.0.5.RELEASE.jar:/Users/JustinRWong/.m2/repository/ch/qos/logback/logback-classic/1.2.3/logback-classic-1.2.3.jar:/Users/JustinRWong/.m2/repository/ch/qos/logback/logback-core/1.2.3/logback-core-1.2.3.jar:/Users/JustinRWong/.m2/repository/org/apache/logging/log4j/log4j-to-slf4j/2.10.0/log4j-to-slf4j-2.10.0.jar:/Users/JustinRWong/.m2/repository/org/apache/logging/log4j/log4j-api/2.10.0/log4j-api-2.10.0.jar:/Users/JustinRWong/.m2/repository/org/slf4j/jul-to-slf4j/1.7.25/jul-to-slf4j-1.7.25.jar:/Users/JustinRWong/.m2/repository/javax/annotation/javax.annotation-api/1.3.2/javax.annotation-api-1.3.2.jar:/Users/JustinRWong/.m2/repository/org/yaml/snakeyaml/1.19/snakeyaml-1.19.jar:/Users/JustinRWong/.m2/repository/org/springframework/boot/spring-boot-starter-json/2.0.5.RELEASE/spring-boot-starter-json-2.0.5.RELEASE.jar:/Users/JustinRWong/.m2/repository/com/fasterxml/jackson/core/jackson-databind/2.9.6/jackson-databind-2.9.6.jar:/Users/JustinRWong/.m2/repository/com/fasterxml/jackson/core/jackson-annotations/2.9.0/jackson-annotations-2.9.0.jar:/Users/JustinRWong/.m2/repository/com/fasterxml/jackson/core/jackson-core/2.9.6/jackson-core-2.9.6.jar:/Users/JustinRWong/.m2/repository/com/fasterxml/jackson/datatype/jackson-datatype-jdk8/2.9.6/jackson-datatype-jdk8-2.9.6.jar:/Users/JustinRWong/.m2/repository/com/fasterxml/jackson/datatype/jackson-datatype-jsr310/2.9.6/jackson-datatype-jsr310-2.9.6.jar:/Users/JustinRWong/.m2/repository/com/fasterxml/jackson/module/jackson-module-parameter-names/2.9.6/jackson-module-parameter-names-2.9.6.jar:/Users/JustinRWong/.m2/repository/org/springframework/boot/spring-boot-starter-reactor-netty/2.0.5.RELEASE/spring-boot-starter-reactor-netty-2.0.5.RELEASE.jar:/Users/JustinRWong/.m2/repository/io/projectreactor/ipc/reactor-netty/0.7.9.RELEASE/reactor-netty-0.7.9.RELEASE.jar:/Users/JustinRWong/.m2/repository/io/netty/netty-codec-http/4.1.29.Final/netty-codec-http-4.1.29.Final.jar:/Users/JustinRWong/.m2/repository/io/netty/netty-codec/4.1.29.Final/netty-codec-4.1.29.Final.jar:/Users/JustinRWong/.m2/repository/io/netty/netty-handler/4.1.29.Final/netty-handler-4.1.29.Final.jar:/Users/JustinRWong/.m2/repository/io/netty/netty-buffer/4.1.29.Final/netty-buffer-4.1.29.Final.jar:/Users/JustinRWong/.m2/repository/io/netty/netty-transport/4.1.29.Final/netty-transport-4.1.29.Final.jar:/Users/JustinRWong/.m2/repository/io/netty/netty-resolver/4.1.29.Final/netty-resolver-4.1.29.Final.jar:/Users/JustinRWong/.m2/repository/io/netty/netty-handler-proxy/4.1.29.Final/netty-handler-proxy-4.1.29.Final.jar:/Users/JustinRWong/.m2/repository/io/netty/netty-codec-socks/4.1.29.Final/netty-codec-socks-4.1.29.Final.jar:/Users/JustinRWong/.m2/repository/io/netty/netty-transport-native-epoll/4.1.29.Final/netty-transport-native-epoll-4.1.29.Final-linux-x86_64.jar:/Users/JustinRWong/.m2/repository/io/netty/netty-common/4.1.29.Final/netty-common-4.1.29.Final.jar:/Users/JustinRWong/.m2/repository/io/netty/netty-transport-native-unix-common/4.1.29.Final/netty-transport-native-unix-common-4.1.29.Final.jar:/Users/JustinRWong/.m2/repository/org/hibernate/validator/hibernate-validator/6.0.12.Final/hibernate-validator-6.0.12.Final.jar:/Users/JustinRWong/.m2/repository/javax/validation/validation-api/2.0.1.Final/validation-api-2.0.1.Final.jar:/Users/JustinRWong/.m2/repository/org/jboss/logging/jboss-logging/3.3.2.Final/jboss-logging-3.3.2.Final.jar:/Users/JustinRWong/.m2/repository/com/fasterxml/classmate/1.3.4/classmate-1.3.4.jar:/Users/JustinRWong/.m2/repository/org/springframework/spring-web/5.0.9.RELEASE/spring-web-5.0.9.RELEASE.jar:/Users/JustinRWong/.m2/repository/org/springframework/spring-beans/5.0.9.RELEASE/spring-beans-5.0.9.RELEASE.jar:/Users/JustinRWong/.m2/repository/org/springframework/spring-webflux/5.0.9.RELEASE/spring-webflux-5.0.9.RELEASE.jar:/Users/JustinRWong/.m2/repository/org/synchronoss/cloud/nio-multipart-parser/1.1.0/nio-multipart-parser-1.1.0.jar:/Users/JustinRWong/.m2/repository/org/slf4j/slf4j-api/1.7.25/slf4j-api-1.7.25.jar:/Users/JustinRWong/.m2/repository/org/synchronoss/cloud/nio-stream-storage/1.1.3/nio-stream-storage-1.1.3.jar:/Users/JustinRWong/.m2/repository/org/springframework/boot/spring-boot-starter-test/2.0.5.RELEASE/spring-boot-starter-test-2.0.5.RELEASE.jar:/Users/JustinRWong/.m2/repository/org/springframework/boot/spring-boot-test/2.0.5.RELEASE/spring-boot-test-2.0.5.RELEASE.jar:/Users/JustinRWong/.m2/repository/org/springframework/boot/spring-boot-test-autoconfigure/2.0.5.RELEASE/spring-boot-test-autoconfigure-2.0.5.RELEASE.jar:/Users/JustinRWong/.m2/repository/com/jayway/jsonpath/json-path/2.4.0/json-path-2.4.0.jar:/Users/JustinRWong/.m2/repository/net/minidev/json-smart/2.3/json-smart-2.3.jar:/Users/JustinRWong/.m2/repository/net/minidev/accessors-smart/1.2/accessors-smart-1.2.jar:/Users/JustinRWong/.m2/repository/org/ow2/asm/asm/5.0.4/asm-5.0.4.jar:/Users/JustinRWong/.m2/repository/junit/junit/4.12/junit-4.12.jar:/Users/JustinRWong/.m2/repository/org/assertj/assertj-core/3.9.1/assertj-core-3.9.1.jar:/Users/JustinRWong/.m2/repository/org/mockito/mockito-core/2.15.0/mockito-core-2.15.0.jar:/Users/JustinRWong/.m2/repository/net/bytebuddy/byte-buddy/1.7.11/byte-buddy-1.7.11.jar:/Users/JustinRWong/.m2/repository/net/bytebuddy/byte-buddy-agent/1.7.11/byte-buddy-agent-1.7.11.jar:/Users/JustinRWong/.m2/repository/org/objenesis/objenesis/2.6/objenesis-2.6.jar:/Users/JustinRWong/.m2/repository/org/hamcrest/hamcrest-core/1.3/hamcrest-core-1.3.jar:/Users/JustinRWong/.m2/repository/org/hamcrest/hamcrest-library/1.3/hamcrest-library-1.3.jar:/Users/JustinRWong/.m2/repository/org/skyscreamer/jsonassert/1.5.0/jsonassert-1.5.0.jar:/Users/JustinRWong/.m2/repository/com/vaadin/external/google/android-json/0.0.20131108.vaadin1/android-json-0.0.20131108.vaadin1.jar:/Users/JustinRWong/.m2/repository/org/springframework/spring-core/5.0.9.RELEASE/spring-core-5.0.9.RELEASE.jar:/Users/JustinRWong/.m2/repository/org/springframework/spring-jcl/5.0.9.RELEASE/spring-jcl-5.0.9.RELEASE.jar:/Users/JustinRWong/.m2/repository/org/springframework/spring-test/5.0.9.RELEASE/spring-test-5.0.9.RELEASE.jar:/Users/JustinRWong/.m2/repository/org/xmlunit/xmlunit-core/2.5.1/xmlunit-core-2.5.1.jar:/Users/JustinRWong/.m2/repository/io/projectreactor/reactor-test/3.1.9.RELEASE/reactor-test-3.1.9.RELEASE.jar:/Users/JustinRWong/.m2/repository/io/projectreactor/reactor-core/3.1.9.RELEASE/reactor-core-3.1.9.RELEASE.jar:/Users/JustinRWong/.m2/repository/org/reactivestreams/reactive-streams/1.0.2/reactive-streams-1.0.2.jar:, java.vm.vendor=Oracle Corporation, sun.arch.data.model=64, java.vendor.url=http://java.oracle.com/, user.timezone=America/Los_Angeles, os.name=Mac OS X, java.vm.specification.version=9, sun.java.launcher=SUN_STANDARD, user.country=HK, sun.boot.library.path=/Library/Java/JavaVirtualMachines/jdk-9.0.1.jdk/Contents/Home/lib, sun.java.command=/Users/JustinRWong/Desktop/PersonalWebsite-2/ReactiveRESTfulWeb/target/surefire/surefirebooter2620483203880746707.jar /Users/JustinRWong/Desktop/PersonalWebsite-2/ReactiveRESTfulWeb/target/surefire 2018-11-13T03-08-03_858-jvmRun1 surefire13409929469757529933tmp surefire_014099094121094954957tmp, http.nonProxyHosts=local|*.local|169.254/16|*.169.254/16, jdk.debug=release, surefire.test.class.path=/Users/JustinRWong/Desktop/PersonalWebsite-2/ReactiveRESTfulWeb/target/test-classes:/Users/JustinRWong/Desktop/PersonalWebsite-2/ReactiveRESTfulWeb/target/classes:/Users/JustinRWong/.m2/repository/org/springframework/boot/spring-boot-starter-webflux/2.0.5.RELEASE/spring-boot-starter-webflux-2.0.5.RELEASE.jar:/Users/JustinRWong/.m2/repository/org/springframework/boot/spring-boot-starter/2.0.5.RELEASE/spring-boot-starter-2.0.5.RELEASE.jar:/Users/JustinRWong/.m2/repository/org/springframework/boot/spring-boot/2.0.5.RELEASE/spring-boot-2.0.5.RELEASE.jar:/Users/JustinRWong/.m2/repository/org/springframework/spring-context/5.0.9.RELEASE/spring-context-5.0.9.RELEASE.jar:/Users/JustinRWong/.m2/repository/org/springframework/spring-aop/5.0.9.RELEASE/spring-aop-5.0.9.RELEASE.jar:/Users/JustinRWong/.m2/repository/org/springframework/spring-expression/5.0.9.RELEASE/spring-expression-5.0.9.RELEASE.jar:/Users/JustinRWong/.m2/repository/org/springframework/boot/spring-boot-autoconfigure/2.0.5.RELEASE/spring-boot-autoconfigure-2.0.5.RELEASE.jar:/Users/JustinRWong/.m2/repository/org/springframework/boot/spring-boot-starter-logging/2.0.5.RELEASE/spring-boot-starter-logging-2.0.5.RELEASE.jar:/Users/JustinRWong/.m2/repository/ch/qos/logback/logback-classic/1.2.3/logback-classic-1.2.3.jar:/Users/JustinRWong/.m2/repository/ch/qos/logback/logback-core/1.2.3/logback-core-1.2.3.jar:/Users/JustinRWong/.m2/repository/org/apache/logging/log4j/log4j-to-slf4j/2.10.0/log4j-to-slf4j-2.10.0.jar:/Users/JustinRWong/.m2/repository/org/apache/logging/log4j/log4j-api/2.10.0/log4j-api-2.10.0.jar:/Users/JustinRWong/.m2/repository/org/slf4j/jul-to-slf4j/1.7.25/jul-to-slf4j-1.7.25.jar:/Users/JustinRWong/.m2/repository/javax/annotation/javax.annotation-api/1.3.2/javax.annotation-api-1.3.2.jar:/Users/JustinRWong/.m2/repository/org/yaml/snakeyaml/1.19/snakeyaml-1.19.jar:/Users/JustinRWong/.m2/repository/org/springframework/boot/spring-boot-starter-json/2.0.5.RELEASE/spring-boot-starter-json-2.0.5.RELEASE.jar:/Users/JustinRWong/.m2/repository/com/fasterxml/jackson/core/jackson-databind/2.9.6/jackson-databind-2.9.6.jar:/Users/JustinRWong/.m2/repository/com/fasterxml/jackson/core/jackson-annotations/2.9.0/jackson-annotations-2.9.0.jar:/Users/JustinRWong/.m2/repository/com/fasterxml/jackson/core/jackson-core/2.9.6/jackson-core-2.9.6.jar:/Users/JustinRWong/.m2/repository/com/fasterxml/jackson/datatype/jackson-datatype-jdk8/2.9.6/jackson-datatype-jdk8-2.9.6.jar:/Users/JustinRWong/.m2/repository/com/fasterxml/jackson/datatype/jackson-datatype-jsr310/2.9.6/jackson-datatype-jsr310-2.9.6.jar:/Users/JustinRWong/.m2/repository/com/fasterxml/jackson/module/jackson-module-parameter-names/2.9.6/jackson-module-parameter-names-2.9.6.jar:/Users/JustinRWong/.m2/repository/org/springframework/boot/spring-boot-starter-reactor-netty/2.0.5.RELEASE/spring-boot-starter-reactor-netty-2.0.5.RELEASE.jar:/Users/JustinRWong/.m2/repository/io/projectreactor/ipc/reactor-netty/0.7.9.RELEASE/reactor-netty-0.7.9.RELEASE.jar:/Users/JustinRWong/.m2/repository/io/netty/netty-codec-http/4.1.29.Final/netty-codec-http-4.1.29.Final.jar:/Users/JustinRWong/.m2/repository/io/netty/netty-codec/4.1.29.Final/netty-codec-4.1.29.Final.jar:/Users/JustinRWong/.m2/repository/io/netty/netty-handler/4.1.29.Final/netty-handler-4.1.29.Final.jar:/Users/JustinRWong/.m2/repository/io/netty/netty-buffer/4.1.29.Final/netty-buffer-4.1.29.Final.jar:/Users/JustinRWong/.m2/repository/io/netty/netty-transport/4.1.29.Final/netty-transport-4.1.29.Final.jar:/Users/JustinRWong/.m2/repository/io/netty/netty-resolver/4.1.29.Final/netty-resolver-4.1.29.Final.jar:/Users/JustinRWong/.m2/repository/io/netty/netty-handler-proxy/4.1.29.Final/netty-handler-proxy-4.1.29.Final.jar:/Users/JustinRWong/.m2/repository/io/netty/netty-codec-socks/4.1.29.Final/netty-codec-socks-4.1.29.Final.jar:/Users/JustinRWong/.m2/repository/io/netty/netty-transport-native-epoll/4.1.29.Final/netty-transport-native-epoll-4.1.29.Final-linux-x86_64.jar:/Users/JustinRWong/.m2/repository/io/netty/netty-common/4.1.29.Final/netty-common-4.1.29.Final.jar:/Users/JustinRWong/.m2/repository/io/netty/netty-transport-native-unix-common/4.1.29.Final/netty-transport-native-unix-common-4.1.29.Final.jar:/Users/JustinRWong/.m2/repository/org/hibernate/validator/hibernate-validator/6.0.12.Final/hibernate-validator-6.0.12.Final.jar:/Users/JustinRWong/.m2/repository/javax/validation/validation-api/2.0.1.Final/validation-api-2.0.1.Final.jar:/Users/JustinRWong/.m2/repository/org/jboss/logging/jboss-logging/3.3.2.Final/jboss-logging-3.3.2.Final.jar:/Users/JustinRWong/.m2/repository/com/fasterxml/classmate/1.3.4/classmate-1.3.4.jar:/Users/JustinRWong/.m2/repository/org/springframework/spring-web/5.0.9.RELEASE/spring-web-5.0.9.RELEASE.jar:/Users/JustinRWong/.m2/repository/org/springframework/spring-beans/5.0.9.RELEASE/spring-beans-5.0.9.RELEASE.jar:/Users/JustinRWong/.m2/repository/org/springframework/spring-webflux/5.0.9.RELEASE/spring-webflux-5.0.9.RELEASE.jar:/Users/JustinRWong/.m2/repository/org/synchronoss/cloud/nio-multipart-parser/1.1.0/nio-multipart-parser-1.1.0.jar:/Users/JustinRWong/.m2/repository/org/slf4j/slf4j-api/1.7.25/slf4j-api-1.7.25.jar:/Users/JustinRWong/.m2/repository/org/synchronoss/cloud/nio-stream-storage/1.1.3/nio-stream-storage-1.1.3.jar:/Users/JustinRWong/.m2/repository/org/springframework/boot/spring-boot-starter-test/2.0.5.RELEASE/spring-boot-starter-test-2.0.5.RELEASE.jar:/Users/JustinRWong/.m2/repository/org/springframework/boot/spring-boot-test/2.0.5.RELEASE/spring-boot-test-2.0.5.RELEASE.jar:/Users/JustinRWong/.m2/repository/org/springframework/boot/spring-boot-test-autoconfigure/2.0.5.RELEASE/spring-boot-test-autoconfigure-2.0.5.RELEASE.jar:/Users/JustinRWong/.m2/repository/com/jayway/jsonpath/json-path/2.4.0/json-path-2.4.0.jar:/Users/JustinRWong/.m2/repository/net/minidev/json-smart/2.3/json-smart-2.3.jar:/Users/JustinRWong/.m2/repository/net/minidev/accessors-smart/1.2/accessors-smart-1.2.jar:/Users/JustinRWong/.m2/repository/org/ow2/asm/asm/5.0.4/asm-5.0.4.jar:/Users/JustinRWong/.m2/repository/junit/junit/4.12/junit-4.12.jar:/Users/JustinRWong/.m2/repository/org/assertj/assertj-core/3.9.1/assertj-core-3.9.1.jar:/Users/JustinRWong/.m2/repository/org/mockito/mockito-core/2.15.0/mockito-core-2.15.0.jar:/Users/JustinRWong/.m2/repository/net/bytebuddy/byte-buddy/1.7.11/byte-buddy-1.7.11.jar:/Users/JustinRWong/.m2/repository/net/bytebuddy/byte-buddy-agent/1.7.11/byte-buddy-agent-1.7.11.jar:/Users/JustinRWong/.m2/repository/org/objenesis/objenesis/2.6/objenesis-2.6.jar:/Users/JustinRWong/.m2/repository/org/hamcrest/hamcrest-core/1.3/hamcrest-core-1.3.jar:/Users/JustinRWong/.m2/repository/org/hamcrest/hamcrest-library/1.3/hamcrest-library-1.3.jar:/Users/JustinRWong/.m2/repository/org/skyscreamer/jsonassert/1.5.0/jsonassert-1.5.0.jar:/Users/JustinRWong/.m2/repository/com/vaadin/external/google/android-json/0.0.20131108.vaadin1/android-json-0.0.20131108.vaadin1.jar:/Users/JustinRWong/.m2/repository/org/springframework/spring-core/5.0.9.RELEASE/spring-core-5.0.9.RELEASE.jar:/Users/JustinRWong/.m2/repository/org/springframework/spring-jcl/5.0.9.RELEASE/spring-jcl-5.0.9.RELEASE.jar:/Users/JustinRWong/.m2/repository/org/springframework/spring-test/5.0.9.RELEASE/spring-test-5.0.9.RELEASE.jar:/Users/JustinRWong/.m2/repository/org/xmlunit/xmlunit-core/2.5.1/xmlunit-core-2.5.1.jar:/Users/JustinRWong/.m2/repository/io/projectreactor/reactor-test/3.1.9.RELEASE/reactor-test-3.1.9.RELEASE.jar:/Users/JustinRWong/.m2/repository/io/projectreactor/reactor-core/3.1.9.RELEASE/reactor-core-3.1.9.RELEASE.jar:/Users/JustinRWong/.m2/repository/org/reactivestreams/reactive-streams/1.0.2/reactive-streams-1.0.2.jar:, sun.cpu.endian=little, user.home=/Users/JustinRWong, user.language=en, java.specification.vendor=Oracle Corporation, java.home=/Library/Java/JavaVirtualMachines/jdk-9.0.1.jdk/Contents/Home, file.separator=/, basedir=/Users/JustinRWong/Desktop/PersonalWebsite-2/ReactiveRESTfulWeb, java.vm.compressedOopsMode=Zero based, line.separator=
, java.specification.name=Java Platform API Specification, java.vm.specification.vendor=Oracle Corporation, java.awt.graphicsenv=sun.awt.CGraphicsEnvironment, surefire.real.class.path=/Users/JustinRWong/Desktop/PersonalWebsite-2/ReactiveRESTfulWeb/target/surefire/surefirebooter2620483203880746707.jar, sun.management.compiler=HotSpot 64-Bit Tiered Compilers, ftp.nonProxyHosts=local|*.local|169.254/16|*.169.254/16, java.runtime.version=9.0.1+11, user.name=JustinRWong, path.separator=:, os.version=10.14, java.runtime.name=Java(TM) SE Runtime Environment, file.encoding=UTF-8, java.vm.name=Java HotSpot(TM) 64-Bit Server VM, localRepository=/Users/JustinRWong/.m2/repository, java.vendor.url.bug=http://bugreport.java.com/bugreport/, java.io.tmpdir=/var/folders/zk/hxqw53l55x77r1_4s8txf80m0000gp/T/, java.version=9.0.1, user.dir=/Users/JustinRWong/Desktop/PersonalWebsite-2/ReactiveRESTfulWeb, os.arch=x86_64, java.vm.specification.name=Java Virtual Machine Specification, java.awt.printerjob=sun.lwawt.macosx.CPrinterJob, sun.os.patch.level=unknown, java.library.path=/Users/JustinRWong/Library/Java/Extensions:/Library/Java/Extensions:/Network/Library/Java/Extensions:/System/Library/Java/Extensions:/usr/lib/java:., java.vm.info=mixed mode, java.vendor=Oracle Corporation, java.vm.version=9.0.1+11, sun.io.unicode.encoding=UnicodeBig, java.class.version=53.0, socksNonProxyHosts=local|*.local|169.254/16|*.169.254/16}}, SystemEnvironmentPropertySource@1262548561 {name='systemEnvironment', properties={PATH=/Volumes/JustinWong/anaconda3/bin:/Users/JustinRWong/anaconda3/bin:/Library/Frameworks/Python.framework/Versions/3.6/bin:/usr/local/bin:/usr/bin:/bin:/usr/sbin:/sbin:/opt/X11/bin:/Library/Java/JavaVirtualMachines/jdk-9.0.1.jdk/Contents/Home:/Users/JustinRWong/Desktop/PersonalWebsite-2/BuildingWithMaven/apache-maven-3.6.0/bin, JAVA_HOME=/Library/Java/JavaVirtualMachines/jdk-9.0.1.jdk/Contents/Home, TERM=xterm-256color, DISPLAY=/private/tmp/com.apple.launchd.xtL6BPBPcB/org.macosforge.xquartz:0, LOGNAME=JustinRWong, XPC_SERVICE_NAME=0, PWD=/Users/JustinRWong/Desktop/PersonalWebsite-2/ReactiveRESTfulWeb, TERM_PROGRAM_VERSION=421, MAVEN_CMD_LINE_ARGS= clean package, _=/Library/Java/JavaVirtualMachines/jdk-9.0.1.jdk/Contents/Home/bin/java, SHELL=/bin/bash, JAVA_MAIN_CLASS_28250=org.apache.maven.surefire.booter.ForkedBooter, TERM_PROGRAM=Apple_Terminal, MAVEN_PROJECTBASEDIR=/Users/JustinRWong/desktop/personalwebsite-2/reactiverestfulweb, OLDPWD=/Users/JustinRWong/desktop/personalwebsite-2/reactiverestfulweb, USER=JustinRWong, TMPDIR=/var/folders/zk/hxqw53l55x77r1_4s8txf80m0000gp/T/, JAVA_MAIN_CLASS_28228=org.codehaus.plexus.classworlds.launcher.Launcher, SSH_AUTH_SOCK=/private/tmp/com.apple.launchd.YxZC9pc3PL/Listeners, XPC_FLAGS=0x0, TERM_SESSION_ID=952992D1-DF33-4C40-B8CC-596FCE6F6449, __CF_USER_TEXT_ENCODING=0x1F6:0x0:0x0, Apple_PubSub_Socket_Render=/private/tmp/com.apple.launchd.WudwKmnXNa/Render, LC_CTYPE=UTF-8, HOME=/Users/JustinRWong, SHLVL=2}}]
03:08:04.828 [main] DEBUG org.springframework.test.context.support.TestPropertySourceUtils - Adding inlined properties to environment: {spring.jmx.enabled=false, org.springframework.boot.test.context.SpringBootTestContextBootstrapper=true, server.port=0}
03:08:04.828 [main] DEBUG org.springframework.core.env.StandardEnvironment - Adding PropertySource 'Inlined Test Properties' with highest search precedence

  .   ____          _            __ _ _
 /\\ / ___'_ __ _ _(_)_ __  __ _ \ \ \ \
( ( )\___ | '_ | '_| | '_ \/ _` | \ \ \ \
 \\/  ___)| |_)| | | | | || (_| |  ) ) ) )
  '  |____| .__|_| |_|_| |_\__, | / / / /
 =========|_|==============|___/=/_/_/_/
 :: Spring Boot ::        (v2.0.5.RELEASE)

2018-11-13 03:08:05.068  INFO 28250 --- [           main] hello.GreetingRouterTest                 : Starting GreetingRouterTest on justins-MacBook-Pro-5.local with PID 28250 (started by JustinRWong in /Users/JustinRWong/Desktop/PersonalWebsite-2/ReactiveRESTfulWeb)
2018-11-13 03:08:05.069  INFO 28250 --- [           main] hello.GreetingRouterTest                 : No active profile set, falling back to default profiles: default
2018-11-13 03:08:05.092  INFO 28250 --- [           main] onfigReactiveWebServerApplicationContext : Refreshing org.springframework.boot.web.reactive.context.AnnotationConfigReactiveWebServerApplicationContext@2313052e: startup date [Tue Nov 13 03:08:05 PST 2018]; root of context hierarchy
2018-11-13 03:08:05.929  INFO 28250 --- [           main] o.s.w.r.f.s.s.RouterFunctionMapping      : Mapped ((GET && /hello) && Accept: [text/plain]) -> hello.GreetingRouter$$Lambda$305/987805552@2cec704c
2018-11-13 03:08:05.943  INFO 28250 --- [           main] o.s.w.r.handler.SimpleUrlHandlerMapping  : Mapped URL path [/webjars/**] onto handler of type [class org.springframework.web.reactive.resource.ResourceWebHandler]
2018-11-13 03:08:05.944  INFO 28250 --- [           main] o.s.w.r.handler.SimpleUrlHandlerMapping  : Mapped URL path [/**] onto handler of type [class org.springframework.web.reactive.resource.ResourceWebHandler]
2018-11-13 03:08:06.138  INFO 28250 --- [           main] o.s.w.r.r.m.a.ControllerMethodResolver   : Looking for @ControllerAdvice: org.springframework.boot.web.reactive.context.AnnotationConfigReactiveWebServerApplicationContext@2313052e: startup date [Tue Nov 13 03:08:05 PST 2018]; root of context hierarchy
2018-11-13 03:08:06.588  INFO 28250 --- [ctor-http-nio-1] r.ipc.netty.tcp.BlockingNettyContext     : Started HttpServer on /0:0:0:0:0:0:0:0:64729
2018-11-13 03:08:06.588  INFO 28250 --- [           main] o.s.b.web.embedded.netty.NettyWebServer  : Netty started on port(s): 64729
2018-11-13 03:08:06.593  INFO 28250 --- [           main] hello.GreetingRouterTest                 : Started GreetingRouterTest in 1.761 seconds (JVM running for 2.548)
]]></system-out>
  </testcase>
</testsuite>